writeCommonTags: couldn't write 'year' tag to 'Jejepangan/Seishun Buta Yarou wa Bunny Girl Senpai no Yume wo Minai Opening -「Kimi no Sei」Full by the peggies.mp4' as it's not a positive integer
writeCommonTags: couldn't write 'track' tag to 'Jejepangan/Seishun Buta Yarou wa Bunny Girl Senpai no Yume wo Minai Opening -「Kimi no Sei」Full by the peggies.mp4' as it's not a positive integer
writeCommonTags: couldn't write 'year' tag to 'PEWDIEPIE - BITCH LASAGNA (Metal Cover).mp4' as it's not a positive integer
writeCommonTags: couldn't write 'track' tag to 'PEWDIEPIE - BITCH LASAGNA (Metal Cover).mp4' as it's not a positive integer
writeCommonTags: couldn't write 'year' tag to 'Jejepangan/Heart Beats.mp4' as it's not a positive integer
writeCommonTags: couldn't write 'track' tag to 'Jejepangan/Heart Beats.mp4' as it's not a positive integer
writeCommonTags: couldn't write 'year' tag to 'dangdut/OM Nirwana/nomor baru.mp4' as it's not a positive integer
writeCommonTags: couldn't write 'track' tag to 'dangdut/OM Nirwana/nomor baru.mp4' as it's not a positive integer
writeCommonTags: couldn't write 'year' tag to 'dangdut/OM Nirwana/ojo koyo bapak.mp4' as it's not a positive integer
writeCommonTags: couldn't write 'track' tag to 'dangdut/OM Nirwana/ojo koyo bapak.mp4' as it's not a positive integer
writeCommonTags: couldn't write 'year' tag to 'dangdut/OM Nirwana/rambu anarki.mp4' as it's not a positive integer
writeCommonTags: couldn't write 'track' tag to 'dangdut/OM Nirwana/rambu anarki.mp4' as it's not a positive integer
writeCommonTags: couldn't write 'year' tag to 'dangdut/OM Nirwana/sayang.mp4' as it's not a positive integer
writeCommonTags: couldn't write 'track' tag to 'dangdut/OM Nirwana/sayang.mp4' as it's not a positive integer
writeCommonTags: couldn't write 'year' tag to 'dangdut/OM Nirwana/langit runtuh.mp4' as it's not a positive integer
writeCommonTags: couldn't write 'track' tag to 'dangdut/OM Nirwana/langit runtuh.mp4' as it's not a positive integer
writeCommonTags: couldn't write 'year' tag to 'dangdut/OM Nirwana/jangan bilang.mp4' as it's not a positive integer
writeCommonTags: couldn't write 'track' tag to 'dangdut/OM Nirwana/jangan bilang.mp4' as it's not a positive integer
writeCommonTags: couldn't write 'year' tag to 'dangdut/OM Nirwana/kemul.mp4' as it's not a positive integer
writeCommonTags: couldn't write 'track' tag to 'dangdut/OM Nirwana/kemul.mp4' as it's not a positive integer
writeCommonTags: couldn't write 'year' tag to 'dangdut/OM Sagita/ngamen 21/ditinggal rabi.mp4' as it's not a positive integer
writeCommonTags: couldn't write 'track' tag to 'dangdut/OM Sagita/ngamen 21/ditinggal rabi.mp4' as it's not a positive integer
writeCommonTags: couldn't write 'year' tag to 'dangdut/OM Sagita/ngamen 21/raiso dadi siji.mp4' as it's not a positive integer
writeCommonTags: couldn't write 'track' tag to 'dangdut/OM Sagita/ngamen 21/raiso dadi siji.mp4' as it's not a positive integer
writeCommonTags: couldn't write 'year' tag to 'dangdut/Om Sera/OM SERA AY YUNI AYUNDA.m4a' as it's not a positive integer
writeCommonTags: couldn't write 'track' tag to 'dangdut/Om Sera/OM SERA AY YUNI AYUNDA.m4a' as it's not a positive integer
writeCommonTags: couldn't write 'year' tag to 'dangdut/Om Sera/Sera Kangen.mp4' as it's not a positive integer
writeCommonTags: couldn't write 'track' tag to 'dangdut/Om Sera/Sera Kangen.mp4' as it's not a positive integer
